<?xml version="1.0" encoding="UTF-8"?>
<testsuite xmlns:xsi="http://www.w3.org/2001/XMLSchema-instance" xsi:noNamespaceSchemaLocation="https://maven.apache.org/surefire/maven-surefire-plugin/xsd/surefire-test-report.xsd" name="LionTest" time="0.003" tests="5" errors="0" skipped="0" failures="0">
  <properties>
[...]
</properties>
  <testcase name="invalidSexShouldThrowException" classname="LionTest" time="0"/>
  <testcase name="femaleLionShouldNotHaveMane" classname="LionTest" time="0"/>
  <testcase name="getFoodShouldReturnFelineFood" classname="LionTest" time="0"/>
  <testcase name="maleLionShouldHaveMane" classname="LionTest" time="0"/>
  <testcase name="getKittensWithMockFelineReturnsExpectedValue" classname="LionTest" time="0"/>
</testsuite>